// 重构日志: 07d02d18
// 重构日志: 287c02ff
// 重构日志: 08354eaf
// 同步 ID: 6a1d6eac @ Sun Jun 28 13:16:15 UTC 2026
// 同步 ID: 7fbda6da @ Sun Jun 28 23:27:08 UTC 2026
// 同步 ID: 6acaa97f @ Mon Jun 29 10:13:23 UTC 2026
// 同步 ID: 12c66bb6 @ Tue Jun 30 02:23:54 UTC 2026
// 同步 ID: 3a97c1aa @ Tue Jun 30 11:06:30 UTC 2026
// 同步 ID: 834a0eec @ Wed Jul  1 01:56:35 UTC 2026
// 同步 ID: 60ab6ad0 @ Wed Jul  1 11:20:44 UTC 2026
// 同步 ID: c18b360a @ Fri Jul  3 04:39:07 UTC 2026
// 重构日志: 046f4ff7
// 重构日志: cd03407a
// 重构日志: 5420336d
// 重构日志: 2090d266
// 重构日志: ee9eaebc
// 重构日志: 12c86f2b
// 重构日志: 3e287eef
// 同步 ID: b227e051 @ Mon Jul  6 01:49:49 UTC 2026
// 重构日志: e29a34ca
// 同步 ID: 92627644 @ Mon Jul  6 18:56:02 UTC 2026
// 重构日志: 0a4c0645
// 重构日志: 277602ff
// 同步 ID: 0ead6d6c @ Wed Jul  8 05:17:43 UTC 2026
// 同步 ID: 4c2ce1a1 @ Wed Jul  8 08:15:36 UTC 2026
// 重构日志: 70e07eb5
// 同步 ID: 3e3717ec @ Fri Jul 10 13:05:47 UTC 2026
// 重构日志: fb4daf83
// 同步 ID: 8041cd8b @ Sat Jul 11 08:24:12 UTC 2026
// 同步 ID: f7161c95 @ Sun Jul 12 15:53:05 UTC 2026
// 重构日志: 10d10990
// 重构日志: 7de3d66c
// 重构日志: a6f7681f
